@!@!@STARTMSG 2262:0 @!@!@
TLC2 Version 2.10 of 28 September 2017
@!@!@ENDMSG 2262 @!@!@
@!@!@STARTMSG 2187:0 @!@!@
Running breadth-first search Model-Checking with 4 workers on 8 cores with 1205MB heap and 2710MB offheap memory (Windows 10 10.0 amd64, Oracle Corporation 1.8.0_151 x86_64).
@!@!@ENDMSG 2187 @!@!@
@!@!@STARTMSG 2220:0 @!@!@
Starting SANY...
@!@!@ENDMSG 2220 @!@!@
Parsing file MC.tla
Parsing file t2pc.tla
Parsing file C:\Users\Nitin\Documents\Courses\DS\TLA\toolbox\plugins\org.lamport.tlatools_1.0.0.201710061831\tla2sany\StandardModules\TLC.tla
Parsing file C:\Users\Nitin\Documents\Courses\DS\TLA\toolbox\plugins\org.lamport.tlatools_1.0.0.201710061831\tla2sany\StandardModules\Integers.tla
Parsing file C:\Users\Nitin\Documents\Courses\DS\TLA\toolbox\plugins\org.lamport.tlatools_1.0.0.201710061831\tla2sany\StandardModules\Sequences.tla
Parsing file C:\Users\Nitin\Documents\Courses\DS\TLA\toolbox\plugins\org.lamport.tlatools_1.0.0.201710061831\tla2sany\StandardModules\FiniteSets.tla
Parsing file C:\Users\Nitin\Documents\Courses\DS\TLA\toolbox\plugins\org.lamport.tlatools_1.0.0.201710061831\tla2sany\StandardModules\Naturals.tla
Semantic processing of module Naturals
Semantic processing of module Integers
Semantic processing of module Sequences
Semantic processing of module FiniteSets
Semantic processing of module TLC
Semantic processing of module t2pc
Semantic processing of module MC
@!@!@STARTMSG 2219:0 @!@!@
SANY finished.
@!@!@ENDMSG 2219 @!@!@
@!@!@STARTMSG 2185:0 @!@!@
Starting... (2017-12-05 23:08:38)
@!@!@ENDMSG 2185 @!@!@
@!@!@STARTMSG 2212:0 @!@!@
Implied-temporal checking--satisfiability problem has 1 branches.
@!@!@ENDMSG 2212 @!@!@
@!@!@STARTMSG 2189:0 @!@!@
Computing initial states...
@!@!@ENDMSG 2189 @!@!@
@!@!@STARTMSG 2190:0 @!@!@
Finished computing initial states: 1 distinct state generated.
@!@!@ENDMSG 2190 @!@!@
@!@!@STARTMSG 2200:0 @!@!@
Progress(15) at 2017-12-05 23:08:39: 6428 states generated, 1040 distinct states found, 0 states left on queue.
@!@!@ENDMSG 2200 @!@!@
@!@!@STARTMSG 2192:0 @!@!@
Checking temporal properties for the complete state space with 1040 total distinct states at (2017-12-05 23:08:39)
@!@!@ENDMSG 2192 @!@!@
@!@!@STARTMSG 2116:1 @!@!@
Temporal properties were violated.

@!@!@ENDMSG 2116 @!@!@
@!@!@STARTMSG 2264:1 @!@!@
The following behavior constitutes a counter-example:

@!@!@ENDMSG 2264 @!@!@
@!@!@STARTMSG 2217:4 @!@!@
1: <Initial predicate>
/\ btmState = "init"
/\ pc = (0 :> "TS" @@ 1 :> "start" @@ 2 :> "start" @@ 3 :> "start" @@ 10 :> "BTS")
/\ rmState = <<"working", "working", "working">>
/\ tmState = "init"

@!@!@ENDMSG 2217 @!@!@
@!@!@STARTMSG 2217:4 @!@!@
2: <Action line 200, col 16 to line 239, col 51 of module t2pc>
/\ btmState = "init"
/\ pc = (0 :> "TS" @@ 1 :> "start" @@ 2 :> "start" @@ 3 :> "start" @@ 10 :> "BTS")
/\ rmState = <<"working", "working", "aborted">>
/\ tmState = "init"

@!@!@ENDMSG 2217 @!@!@
@!@!@STARTMSG 2217:4 @!@!@
3: <Action line 243, col 7 to line 248, col 51 of module t2pc>
/\ btmState = "init"
/\ pc = (0 :> "TA" @@ 1 :> "start" @@ 2 :> "start" @@ 3 :> "start" @@ 10 :> "BTS")
/\ rmState = <<"working", "working", "aborted">>
/\ tmState = "init"

@!@!@ENDMSG 2217 @!@!@
@!@!@STARTMSG 2217:4 @!@!@
4: <Action line 200, col 16 to line 239, col 51 of module t2pc>
/\ btmState = "init"
/\ pc = (0 :> "TA" @@ 1 :> "start" @@ 2 :> "start" @@ 3 :> "start" @@ 10 :> "BTS")
/\ rmState = <<"prepared", "working", "aborted">>
/\ tmState = "init"

@!@!@ENDMSG 2217 @!@!@
@!@!@STARTMSG 2217:4 @!@!@
5: <Action line 200, col 16 to line 239, col 51 of module t2pc>
/\ btmState = "init"
/\ pc = (0 :> "TA" @@ 1 :> "start" @@ 2 :> "start" @@ 3 :> "start" @@ 10 :> "BTS")
/\ rmState = <<"prepared", "aborted", "aborted">>
/\ tmState = "init"

@!@!@ENDMSG 2217 @!@!@
@!@!@STARTMSG 2217:4 @!@!@
6: <Action line 200, col 16 to line 239, col 51 of module t2pc>
/\ btmState = "init"
/\ pc = (0 :> "TA" @@ 1 :> "start" @@ 2 :> "Done" @@ 3 :> "start" @@ 10 :> "BTS")
/\ rmState = <<"prepared", "aborted", "aborted">>
/\ tmState = "init"

@!@!@ENDMSG 2217 @!@!@
@!@!@STARTMSG 2217:4 @!@!@
7: <Action line 273, col 7 to line 279, col 42 of module t2pc>
/\ btmState = "init"
/\ pc = (0 :> "F2" @@ 1 :> "start" @@ 2 :> "Done" @@ 3 :> "start" @@ 10 :> "BTS")
/\ rmState = <<"prepared", "aborted", "aborted">>
/\ tmState = "abort"

@!@!@ENDMSG 2217 @!@!@
@!@!@STARTMSG 2217:4 @!@!@
8: <Action line 200, col 16 to line 239, col 51 of module t2pc>
/\ btmState = "init"
/\ pc = (0 :> "F2" @@ 1 :> "start" @@ 2 :> "Done" @@ 3 :> "Done" @@ 10 :> "BTS")
/\ rmState = <<"prepared", "aborted", "aborted">>
/\ tmState = "abort"

@!@!@ENDMSG 2217 @!@!@
@!@!@STARTMSG 2217:4 @!@!@
9: <Action line 281, col 7 to line 294, col 26 of module t2pc>
/\ btmState = "init"
/\ pc = (0 :> "Done" @@ 1 :> "start" @@ 2 :> "Done" @@ 3 :> "Done" @@ 10 :> "BTS")
/\ rmState = <<"prepared", "aborted", "aborted">>
/\ tmState = "hidden"

@!@!@ENDMSG 2217 @!@!@
@!@!@STARTMSG 2217:4 @!@!@
10: <Action line 298, col 8 to line 303, col 52 of module t2pc>
/\ btmState = "init"
/\ pc = (0 :> "Done" @@ 1 :> "start" @@ 2 :> "Done" @@ 3 :> "Done" @@ 10 :> "BTA")
/\ rmState = <<"prepared", "aborted", "aborted">>
/\ tmState = "hidden"

@!@!@ENDMSG 2217 @!@!@
@!@!@STARTMSG 2217:4 @!@!@
11: <Action line 314, col 8 to line 320, col 42 of module t2pc>
/\ btmState = "init"
/\ pc = (0 :> "Done" @@ 1 :> "start" @@ 2 :> "Done" @@ 3 :> "Done" @@ 10 :> "Done")
/\ rmState = <<"prepared", "aborted", "aborted">>
/\ tmState = "hidden"

@!@!@ENDMSG 2217 @!@!@
@!@!@STARTMSG 2218:4 @!@!@
12: Stuttering
@!@!@ENDMSG 2218 @!@!@
@!@!@STARTMSG 2267:0 @!@!@
Finished checking temporal properties in 00s at 2017-12-05 23:08:39
@!@!@ENDMSG 2267 @!@!@
@!@!@STARTMSG 2201:0 @!@!@
The coverage statistics at 2017-12-05 23:08:39
@!@!@ENDMSG 2201 @!@!@
@!@!@STARTMSG 2221:0 @!@!@
  line 188, col 12 to line 188, col 18 of module t2pc: 2
@!@!@ENDMSG 2221 @!@!@
@!@!@STARTMSG 2221:0 @!@!@
  line 188, col 21 to line 188, col 27 of module t2pc: 2
@!@!@ENDMSG 2221 @!@!@
@!@!@STARTMSG 2221:0 @!@!@
  line 188, col 30 to line 188, col 37 of module t2pc: 2
@!@!@ENDMSG 2221 @!@!@
@!@!@STARTMSG 2221:0 @!@!@
  line 188, col 40 to line 188, col 41 of module t2pc: 2
@!@!@ENDMSG 2221 @!@!@
@!@!@STARTMSG 2221:0 @!@!@
  line 203, col 36 to line 203, col 83 of module t2pc: 1428
@!@!@ENDMSG 2221 @!@!@
@!@!@STARTMSG 2221:0 @!@!@
  line 207, col 64 to line 207, col 112 of module t2pc: 108
@!@!@ENDMSG 2221 @!@!@
@!@!@STARTMSG 2221:0 @!@!@
  line 209, col 74 to line 209, col 80 of module t2pc: 0
@!@!@ENDMSG 2221 @!@!@
@!@!@STARTMSG 2221:0 @!@!@
  line 212, col 64 to line 212, col 110 of module t2pc: 315
@!@!@ENDMSG 2221 @!@!@
@!@!@STARTMSG 2221:0 @!@!@
  line 214, col 74 to line 214, col 80 of module t2pc: 0
@!@!@ENDMSG 2221 @!@!@
@!@!@STARTMSG 2221:0 @!@!@
  line 216, col 53 to line 216, col 99 of module t2pc: 432
@!@!@ENDMSG 2221 @!@!@
@!@!@STARTMSG 2221:0 @!@!@
  line 220, col 75 to line 220, col 123 of module t2pc: 0
@!@!@ENDMSG 2221 @!@!@
@!@!@STARTMSG 2221:0 @!@!@
  line 222, col 85 to line 222, col 91 of module t2pc: 0
@!@!@ENDMSG 2221 @!@!@
@!@!@STARTMSG 2221:0 @!@!@
  line 225, col 75 to line 225, col 121 of module t2pc: 0
@!@!@ENDMSG 2221 @!@!@
@!@!@STARTMSG 2221:0 @!@!@
  line 227, col 85 to line 227, col 91 of module t2pc: 0
@!@!@ENDMSG 2221 @!@!@
@!@!@STARTMSG 2221:0 @!@!@
  line 229, col 64 to line 229, col 110 of module t2pc: 0
@!@!@ENDMSG 2221 @!@!@
@!@!@STARTMSG 2221:0 @!@!@
  line 231, col 68 to line 231, col 74 of module t2pc: 411
@!@!@ENDMSG 2221 @!@!@
@!@!@STARTMSG 2221:0 @!@!@
  line 233, col 47 to line 233, col 92 of module t2pc: 0
@!@!@ENDMSG 2221 @!@!@
@!@!@STARTMSG 2221:0 @!@!@
  line 235, col 57 to line 235, col 63 of module t2pc: 1428
@!@!@ENDMSG 2221 @!@!@
@!@!@STARTMSG 2221:0 @!@!@
  line 236, col 30 to line 236, col 64 of module t2pc: 4122
@!@!@ENDMSG 2221 @!@!@
@!@!@STARTMSG 2221:0 @!@!@
  line 237, col 30 to line 237, col 63 of module t2pc: 846
@!@!@ENDMSG 2221 @!@!@
@!@!@STARTMSG 2221:0 @!@!@
  line 238, col 40 to line 238, col 46 of module t2pc: 846
@!@!@ENDMSG 2221 @!@!@
@!@!@STARTMSG 2221:0 @!@!@
  line 239, col 32 to line 239, col 38 of module t2pc: 4968
@!@!@ENDMSG 2221 @!@!@
@!@!@STARTMSG 2221:0 @!@!@
  line 239, col 41 to line 239, col 48 of module t2pc: 4968
@!@!@ENDMSG 2221 @!@!@
@!@!@STARTMSG 2221:0 @!@!@
  line 245, col 16 to line 245, col 44 of module t2pc: 4
@!@!@ENDMSG 2221 @!@!@
@!@!@STARTMSG 2221:0 @!@!@
  line 247, col 16 to line 247, col 44 of module t2pc: 193
@!@!@ENDMSG 2221 @!@!@
@!@!@STARTMSG 2221:0 @!@!@
  line 248, col 23 to line 248, col 29 of module t2pc: 197
@!@!@ENDMSG 2221 @!@!@
@!@!@STARTMSG 2221:0 @!@!@
  line 248, col 32 to line 248, col 38 of module t2pc: 197
@!@!@ENDMSG 2221 @!@!@
@!@!@STARTMSG 2221:0 @!@!@
  line 248, col 41 to line 248, col 48 of module t2pc: 197
@!@!@ENDMSG 2221 @!@!@
@!@!@STARTMSG 2221:0 @!@!@
  line 252, col 21 to line 252, col 39 of module t2pc: 4
@!@!@ENDMSG 2221 @!@!@
@!@!@STARTMSG 2221:0 @!@!@
  line 254, col 31 to line 254, col 37 of module t2pc: 0
@!@!@ENDMSG 2221 @!@!@
@!@!@STARTMSG 2221:0 @!@!@
  line 255, col 10 to line 255, col 38 of module t2pc: 4
@!@!@ENDMSG 2221 @!@!@
@!@!@STARTMSG 2221:0 @!@!@
  line 256, col 23 to line 256, col 29 of module t2pc: 4
@!@!@ENDMSG 2221 @!@!@
@!@!@STARTMSG 2221:0 @!@!@
  line 256, col 32 to line 256, col 39 of module t2pc: 4
@!@!@ENDMSG 2221 @!@!@
@!@!@STARTMSG 2221:0 @!@!@
  line 262, col 43 to line 262, col 61 of module t2pc: 0
@!@!@ENDMSG 2221 @!@!@
@!@!@STARTMSG 2221:0 @!@!@
  line 264, col 53 to line 264, col 60 of module t2pc: 108
@!@!@ENDMSG 2221 @!@!@
@!@!@STARTMSG 2221:0 @!@!@
  line 265, col 32 to line 265, col 50 of module t2pc: 108
@!@!@ENDMSG 2221 @!@!@
@!@!@STARTMSG 2221:0 @!@!@
  line 267, col 45 to line 267, col 51 of module t2pc: 0
@!@!@ENDMSG 2221 @!@!@
@!@!@STARTMSG 2221:0 @!@!@
  line 267, col 54 to line 267, col 61 of module t2pc: 0
@!@!@ENDMSG 2221 @!@!@
@!@!@STARTMSG 2221:0 @!@!@
  line 269, col 34 to line 269, col 40 of module t2pc: 0
@!@!@ENDMSG 2221 @!@!@
@!@!@STARTMSG 2221:0 @!@!@
  line 269, col 43 to line 269, col 50 of module t2pc: 0
@!@!@ENDMSG 2221 @!@!@
@!@!@STARTMSG 2221:0 @!@!@
  line 270, col 10 to line 270, col 40 of module t2pc: 108
@!@!@ENDMSG 2221 @!@!@
@!@!@STARTMSG 2221:0 @!@!@
  line 271, col 20 to line 271, col 26 of module t2pc: 108
@!@!@ENDMSG 2221 @!@!@
@!@!@STARTMSG 2221:0 @!@!@
  line 275, col 21 to line 275, col 38 of module t2pc: 193
@!@!@ENDMSG 2221 @!@!@
@!@!@STARTMSG 2221:0 @!@!@
  line 277, col 31 to line 277, col 37 of module t2pc: 0
@!@!@ENDMSG 2221 @!@!@
@!@!@STARTMSG 2221:0 @!@!@
  line 278, col 10 to line 278, col 38 of module t2pc: 193
@!@!@ENDMSG 2221 @!@!@
@!@!@STARTMSG 2221:0 @!@!@
  line 279, col 23 to line 279, col 29 of module t2pc: 193
@!@!@ENDMSG 2221 @!@!@
@!@!@STARTMSG 2221:0 @!@!@
  line 279, col 32 to line 279, col 39 of module t2pc: 193
@!@!@ENDMSG 2221 @!@!@
@!@!@STARTMSG 2221:0 @!@!@
  line 285, col 43 to line 285, col 61 of module t2pc: 0
@!@!@ENDMSG 2221 @!@!@
@!@!@STARTMSG 2221:0 @!@!@
  line 287, col 53 to line 287, col 60 of module t2pc: 219
@!@!@ENDMSG 2221 @!@!@
@!@!@STARTMSG 2221:0 @!@!@
  line 288, col 32 to line 288, col 50 of module t2pc: 219
@!@!@ENDMSG 2221 @!@!@
@!@!@STARTMSG 2221:0 @!@!@
  line 290, col 45 to line 290, col 51 of module t2pc: 0
@!@!@ENDMSG 2221 @!@!@
@!@!@STARTMSG 2221:0 @!@!@
  line 290, col 54 to line 290, col 61 of module t2pc: 0
@!@!@ENDMSG 2221 @!@!@
@!@!@STARTMSG 2221:0 @!@!@
  line 292, col 34 to line 292, col 40 of module t2pc: 0
@!@!@ENDMSG 2221 @!@!@
@!@!@STARTMSG 2221:0 @!@!@
  line 292, col 43 to line 292, col 50 of module t2pc: 0
@!@!@ENDMSG 2221 @!@!@
@!@!@STARTMSG 2221:0 @!@!@
  line 293, col 10 to line 293, col 40 of module t2pc: 219
@!@!@ENDMSG 2221 @!@!@
@!@!@STARTMSG 2221:0 @!@!@
  line 294, col 20 to line 294, col 26 of module t2pc: 219
@!@!@ENDMSG 2221 @!@!@
@!@!@STARTMSG 2221:0 @!@!@
  line 300, col 17 to line 300, col 47 of module t2pc: 58
@!@!@ENDMSG 2221 @!@!@
@!@!@STARTMSG 2221:0 @!@!@
  line 302, col 17 to line 302, col 47 of module t2pc: 258
@!@!@ENDMSG 2221 @!@!@
@!@!@STARTMSG 2221:0 @!@!@
  line 303, col 24 to line 303, col 30 of module t2pc: 316
@!@!@ENDMSG 2221 @!@!@
@!@!@STARTMSG 2221:0 @!@!@
  line 303, col 33 to line 303, col 39 of module t2pc: 316
@!@!@ENDMSG 2221 @!@!@
@!@!@STARTMSG 2221:0 @!@!@
  line 303, col 42 to line 303, col 49 of module t2pc: 316
@!@!@ENDMSG 2221 @!@!@
@!@!@STARTMSG 2221:0 @!@!@
  line 308, col 22 to line 308, col 41 of module t2pc: 0
@!@!@ENDMSG 2221 @!@!@
@!@!@STARTMSG 2221:0 @!@!@
  line 310, col 32 to line 310, col 39 of module t2pc: 110
@!@!@ENDMSG 2221 @!@!@
@!@!@STARTMSG 2221:0 @!@!@
  line 311, col 11 to line 311, col 42 of module t2pc: 110
@!@!@ENDMSG 2221 @!@!@
@!@!@STARTMSG 2221:0 @!@!@
  line 312, col 24 to line 312, col 30 of module t2pc: 110
@!@!@ENDMSG 2221 @!@!@
@!@!@STARTMSG 2221:0 @!@!@
  line 312, col 33 to line 312, col 39 of module t2pc: 110
@!@!@ENDMSG 2221 @!@!@
@!@!@STARTMSG 2221:0 @!@!@
  line 316, col 22 to line 316, col 40 of module t2pc: 0
@!@!@ENDMSG 2221 @!@!@
@!@!@STARTMSG 2221:0 @!@!@
  line 318, col 32 to line 318, col 39 of module t2pc: 310
@!@!@ENDMSG 2221 @!@!@
@!@!@STARTMSG 2221:0 @!@!@
  line 319, col 11 to line 319, col 42 of module t2pc: 310
@!@!@ENDMSG 2221 @!@!@
@!@!@STARTMSG 2221:0 @!@!@
  line 320, col 24 to line 320, col 30 of module t2pc: 310
@!@!@ENDMSG 2221 @!@!@
@!@!@STARTMSG 2221:0 @!@!@
  line 320, col 33 to line 320, col 39 of module t2pc: 310
@!@!@ENDMSG 2221 @!@!@
@!@!@STARTMSG 2202:0 @!@!@
End of statistics.
@!@!@ENDMSG 2202 @!@!@
@!@!@STARTMSG 2200:0 @!@!@
Progress(15) at 2017-12-05 23:08:39: 6428 states generated (472,647 s/min), 1040 distinct states found (76,470 ds/min), 0 states left on queue.
@!@!@ENDMSG 2200 @!@!@
@!@!@STARTMSG 2199:0 @!@!@
6428 states generated, 1040 distinct states found, 0 states left on queue.
@!@!@ENDMSG 2199 @!@!@
@!@!@STARTMSG 2186:0 @!@!@
Finished in 1050ms at (2017-12-05 23:08:39)
@!@!@ENDMSG 2186 @!@!@
