This is pdfTeX, Version 3.14159265-2.6-1.40.18 (TeX Live 2017/W32TeX) (preloaded format=pdflatex 2017.12.5)  5 DEC 2017 23:10
entering extended mode
 restricted \write18 enabled.
 %&-line parsing enabled.
**./t2pc.tex
(./t2pc.tex
LaTeX2e <2017-04-15>
Babel <3.15> and hyphenation patterns for 84 language(s) loaded.

(c:/texlive/2017/texmf-dist/tex/latex/base/article.cls
Document Class: article 2014/09/29 v1.4h Standard LaTeX document class
(c:/texlive/2017/texmf-dist/tex/latex/base/size10.clo
File: size10.clo 2014/09/29 v1.4h Standard LaTeX file (size option)
)
\c@part=\count79
\c@section=\count80
\c@subsection=\count81
\c@subsubsection=\count82
\c@paragraph=\count83
\c@subparagraph=\count84
\c@figure=\count85
\c@table=\count86
\abovecaptionskip=\skip41
\belowcaptionskip=\skip42
\bibindent=\dimen102
) (c:/texlive/2017/texmf-dist/tex/latex/graphics/color.sty
Package: color 2016/07/10 v1.1e Standard LaTeX Color (DPC)
(c:/texlive/2017/texmf-dist/tex/latex/graphics-cfg/color.cfg
File: color.cfg 2016/01/02 v1.6 sample color configuration
)
Package color Info: Driver file: pdftex.def on input line 147.
(c:/texlive/2017/texmf-dist/tex/latex/graphics-def/pdftex.def
File: pdftex.def 2017/06/24 v1.0g Graphics/color driver for pdftex
)) (c:/texlive/2017/texmf-dist/tex/latex/base/latexsym.sty
Package: latexsym 1998/08/17 v2.2e Standard LaTeX package (lasy symbols)
\symlasy=\mathgroup4
LaTeX Font Info:    Overwriting symbol font `lasy' in version `bold'
(Font)                  U/lasy/m/n --> U/lasy/b/n on input line 52.
) (c:/texlive/2017/texmf-dist/tex/latex/base/ifthen.sty
Package: ifthen 2014/09/29 v1.1c Standard LaTeX ifthen package (DPC)
)
\symlength=\skip43
\equalswidth=\skip44
\charwidth=\skip45
\boxrulewd=\skip46
\boxlineht=\skip47
\boxruleht=\skip48
\boxruledp=\skip49
\pcalvspace=\skip50
\lcomindent=\skip51
\@xlen=\skip52
\templena=\skip53
\templenb=\skip54
\tempboxa=\box26
\vshadelen=\skip55
\boxwidth=\skip56
\multicommentdepth=\skip57
\c@pardepth=\count87
\tempsbox=\box27
\@cparht=\skip58
\@cpardp=\skip59
\xmcomlen=\skip60
\spacewidth=\skip61
\alignboxwidth=\skip62
\alignwidth=\skip63
\alignbox=\box28
\symtlaitalics=\mathgroup5
\c@tlx@ctr=\count88
(c:/texlive/2017/texmf-dist/tex/latex/tools/verbatim.sty
Package: verbatim 2014/10/28 v1.5q LaTeX2e package for verbatim enhancements
\every@verbatim=\toks14
\verbatim@line=\toks15
\verbatim@in@stream=\read1
) (./t2pc.aux)
\openout1 = `t2pc.aux'.

LaTeX Font Info:    Checking defaults for OML/cmm/m/it on input line 939.
LaTeX Font Info:    ... okay on input line 939.
LaTeX Font Info:    Checking defaults for T1/cmr/m/n on input line 939.
LaTeX Font Info:    ... okay on input line 939.
LaTeX Font Info:    Checking defaults for OT1/cmr/m/n on input line 939.
LaTeX Font Info:    ... okay on input line 939.
LaTeX Font Info:    Checking defaults for OMS/cmsy/m/n on input line 939.
LaTeX Font Info:    ... okay on input line 939.
LaTeX Font Info:    Checking defaults for OMX/cmex/m/n on input line 939.
LaTeX Font Info:    ... okay on input line 939.
LaTeX Font Info:    Checking defaults for U/cmr/m/n on input line 939.
LaTeX Font Info:    ... okay on input line 939.
(c:/texlive/2017/texmf-dist/tex/context/base/mkii/supp-pdf.mkii
[Loading MPS to PDF converter (version 2006.09.02).]
\scratchcounter=\count89
\scratchdimen=\dimen103
\scratchbox=\box29
\nofMPsegments=\count90
\nofMParguments=\count91
\everyMPshowfont=\toks16
\MPscratchCnt=\count92
\MPscratchDim=\dimen104
\MPnumerator=\count93
\makeMPintoPDFobject=\count94
\everyMPtoPDFconversion=\toks17
)
LaTeX Font Info:    External font `cmex10' loaded for size
(Font)              <7> on input line 942.
LaTeX Font Info:    External font `cmex10' loaded for size
(Font)              <5> on input line 942.
LaTeX Font Info:    Try loading font information for U+lasy on input line 942.
(c:/texlive/2017/texmf-dist/tex/latex/base/ulasy.fd
File: ulasy.fd 1998/08/17 v2.2e LaTeX symbol font definitions
)
LaTeX Font Info:    External font `cmex10' loaded for size
(Font)              <8> on input line 956.
LaTeX Font Info:    External font `cmex10' loaded for size
(Font)              <6> on input line 956.

Overfull \hbox (41.14119pt too wide) in paragraph at lines 952--960
[][][][] 
 []

LaTeX Font Info:    Try loading font information for OMS+cmr on input line 960.

(c:/texlive/2017/texmf-dist/tex/latex/base/omscmr.fd
File: omscmr.fd 2014/09/29 v2.5h Standard LaTeX font definitions
)
LaTeX Font Info:    Font shape `OMS/cmr/bx/n' in size <10> not available
(Font)              Font shape `OMS/cmsy/b/n' tried instead on input line 960.

Overfull \hbox (11.79405pt too wide) in paragraph at lines 986--987
[][] 
 []


Overfull \hbox (97.74219pt too wide) in paragraph at lines 995--1000
[][][][] 
 []


Overfull \hbox (23.04645pt too wide) in paragraph at lines 1031--1032
[][] 
 []

[1

{c:/texlive/2017/texmf-var/fonts/map/pdftex/updmap/pdftex.map}]
Overfull \hbox (21.98645pt too wide) in paragraph at lines 1065--1066
[][] 
 []

[2]
Overfull \hbox (37.15036pt too wide) in paragraph at lines 1106--1107
[][] 
 []


Overfull \hbox (90.96791pt too wide) in paragraph at lines 1111--1118
[][][][] 
 []


Overfull \hbox (10.68097pt too wide) in paragraph at lines 1140--1141
[][] 
 []

[3]
Overfull \hbox (110.99547pt too wide) in paragraph at lines 1175--1182
[][][][] 
 []


Overfull \hbox (17.13031pt too wide) in paragraph at lines 1182--1183
[][] 
 []

[4]
Overfull \hbox (11.33504pt too wide) in paragraph at lines 1249--1250
[][] 
 []


Overfull \hbox (151.7993pt too wide) in paragraph at lines 1255--1256
[][] 
 []


Overfull \hbox (17.10303pt too wide) in paragraph at lines 1257--1258
[][] 
 []


Overfull \hbox (55.13152pt too wide) in paragraph at lines 1260--1262
[][] 
 []


Overfull \hbox (138.85487pt too wide) in paragraph at lines 1262--1263
[][] 
 []


Overfull \hbox (17.10303pt too wide) in paragraph at lines 1264--1265
[][] 
 []


Overfull \hbox (84.27394pt too wide) in paragraph at lines 1267--1268
[][] 
 []


Overfull \hbox (16.87952pt too wide) in paragraph at lines 1270--1271
[][] 
 []


Overfull \hbox (51.46144pt too wide) in paragraph at lines 1271--1273
[][] 
 []


Overfull \hbox (206.3693pt too wide) in paragraph at lines 1273--1274
[][] 
 []


Overfull \hbox (1.38405pt too wide) in paragraph at lines 1274--1275
[][] 
 []


Overfull \hbox (71.68303pt too wide) in paragraph at lines 1275--1276
[][] 
 []


Overfull \hbox (7.55424pt too wide) in paragraph at lines 1276--1278
[][] 
 []


Overfull \hbox (109.71152pt too wide) in paragraph at lines 1278--1280
[][] 
 []


Overfull \hbox (193.42487pt too wide) in paragraph at lines 1280--1281
[][] 
 []


Overfull \hbox (1.38405pt too wide) in paragraph at lines 1281--1282
[][] 
 []


Overfull \hbox (71.68303pt too wide) in paragraph at lines 1282--1283
[][] 
 []


Overfull \hbox (35.97368pt too wide) in paragraph at lines 1283--1285
[][] 
 []


Overfull \hbox (138.85394pt too wide) in paragraph at lines 1285--1286
[][] 
 []


Overfull \hbox (52.69373pt too wide) in paragraph at lines 1290--1291
[][] 
 []

[5] [6]
Overfull \hbox (25.85777pt too wide) in paragraph at lines 1435--1441
[][][][] 
 []

[7]
Overfull \hbox (147.15294pt too wide) in paragraph at lines 1460--1462
[][] 
 []


Overfull \hbox (221.56622pt too wide) in paragraph at lines 1472--1473
[][] 
 []

[8] (./t2pc.aux) ) 
Here is how much of TeX's memory you used:
 1084 strings out of 492985
 12723 string characters out of 6136284
 77006 words of memory out of 5000000
 4680 multiletter control sequences out of 15000+600000
 9974 words of font info for 38 fonts, out of 8000000 for 9000
 1141 hyphenation exceptions out of 8191
 24i,10n,25p,215b,318s stack positions out of 5000i,500n,10000p,200000b,80000s
<c:/texlive/2017/texmf-dist/fonts/type1/public/amsfonts/cm/cm
bsy10.pfb><c:/texlive/2017/texmf-dist/fonts/type1/public/amsfonts/cm/cmbx10.pfb
><c:/texlive/2017/texmf-dist/fonts/type1/public/amsfonts/cm/cmcsc10.pfb><c:/tex
live/2017/texmf-dist/fonts/type1/public/amsfonts/cm/cmmi10.pfb><c:/texlive/2017
/texmf-dist/fonts/type1/public/amsfonts/cm/cmmi8.pfb><c:/texlive/2017/texmf-dis
t/fonts/type1/public/amsfonts/cm/cmr10.pfb><c:/texlive/2017/texmf-dist/fonts/ty
pe1/public/amsfonts/cm/cmr5.pfb><c:/texlive/2017/texmf-dist/fonts/type1/public/
amsfonts/cm/cmr8.pfb><c:/texlive/2017/texmf-dist/fonts/type1/public/amsfonts/cm
/cmr9.pfb><c:/texlive/2017/texmf-dist/fonts/type1/public/amsfonts/cm/cmss10.pfb
><c:/texlive/2017/texmf-dist/fonts/type1/public/amsfonts/cm/cmss8.pfb><c:/texli
ve/2017/texmf-dist/fonts/type1/public/amsfonts/cm/cmsy10.pfb><c:/texlive/2017/t
exmf-dist/fonts/type1/public/amsfonts/cm/cmsy7.pfb><c:/texlive/2017/texmf-dist/
fonts/type1/public/amsfonts/cm/cmti10.pfb><c:/texlive/2017/texmf-dist/fonts/typ
e1/public/amsfonts/cm/cmti7.pfb><c:/texlive/2017/texmf-dist/fonts/type1/public/
amsfonts/cm/cmti8.pfb><c:/texlive/2017/texmf-dist/fonts/type1/public/amsfonts/l
atxfont/lasy10.pfb>
Output written on t2pc.pdf (8 pages, 187706 bytes).
PDF statistics:
 99 PDF objects out of 1000 (max. 8388607)
 71 compressed objects within 1 object stream
 0 named destinations out of 1000 (max. 500000)
 1 words of extra memory for PDF output out of 10000 (max. 10000000)

